[debug] [2017-06-18T03:46:16.336Z] ----------------------------------------------------------------------
[debug] [2017-06-18T03:46:16.339Z] Command:      /usr/local/Cellar/node/7.10.0/bin/node /usr/local/bin/firebase serve
[debug] [2017-06-18T03:46:16.339Z] CLI Version:  3.9.1
[debug] [2017-06-18T03:46:16.339Z] Platform:     darwin
[debug] [2017-06-18T03:46:16.339Z] Node Version: v7.10.0
[debug] [2017-06-18T03:46:16.340Z] Time:         Sat Jun 17 2017 22:46:16 GMT-0500 (CDT)
[debug] [2017-06-18T03:46:16.340Z] ----------------------------------------------------------------------
[debug] 
[debug] [2017-06-18T03:46:16.355Z] > command requires scopes: ["email","openid","https://www.googleapis.com/auth/cloudplatformprojects.readonly","https://www.googleapis.com/auth/firebase","https://www.googleapis.com/auth/cloud-platform"]
[debug] [2017-06-18T03:46:16.355Z] > authorizing via signed-in user
[debug] [2017-06-18T03:46:16.357Z] > refreshing access token with scopes: ["email","https://www.googleapis.com/auth/cloud-platform","https://www.googleapis.com/auth/cloudplatformprojects.readonly","https://www.googleapis.com/auth/firebase","openid"]
[debug] [2017-06-18T03:46:16.357Z] >>> HTTP REQUEST POST https://www.googleapis.com/oauth2/v3/token { refresh_token: '1/wSQjVLPv8u7VkIK_YGVJx6Yn6ZNJxdQYzJAnnz3UoHH2gyNH0TyWNWqaRc-_dO2g',
  client_id: '563584335869-fgrhgmd47bqnekij5i8b5pr03ho849e6.apps.googleusercontent.com',
  client_secret: 'j9iVZfS8kkCEFUPaAeJV0sAi',
  grant_type: 'refresh_token',
  scope: 'email https://www.googleapis.com/auth/cloud-platform https://www.googleapis.com/auth/cloudplatformprojects.readonly https://www.googleapis.com/auth/firebase openid' } 
 Sat Jun 17 2017 22:46:16 GMT-0500 (CDT)
[debug] [2017-06-18T03:46:16.506Z] <<< HTTP RESPONSE 200
[debug] [2017-06-18T03:46:16.521Z] >>> HTTP REQUEST GET https://admin.firebase.com/v1/projects/friendlychat-d01ff  
 Sat Jun 17 2017 22:46:16 GMT-0500 (CDT)
[debug] [2017-06-18T03:46:16.793Z] <<< HTTP RESPONSE 200
[debug] [2017-06-18T03:46:16.794Z] >>> HTTP REQUEST GET https://admin.firebase.com/v1/database/friendlychat-d01ff/tokens  
 Sat Jun 17 2017 22:46:16 GMT-0500 (CDT)
[debug] [2017-06-18T03:46:17.552Z] <<< HTTP RESPONSE 200
[info] 
[info] === Serving from '/Users/jakethornberry/Dev/NU/My Folders/07-firebase-data-persistence/Examples/FriendlyChat'...
[info] 
[debug] [2017-06-18T03:46:17.556Z] >>> HTTP REQUEST GET https://cloudresourcemanager.googleapis.com/v1/projects/friendlychat-d01ff  
 Sat Jun 17 2017 22:46:17 GMT-0500 (CDT)
[debug] [2017-06-18T03:46:17.786Z] <<< HTTP RESPONSE 200
[debug] [2017-06-18T03:46:17.786Z] >>> HTTP REQUEST GET https://mobilesdk-pa.googleapis.com/v1/projects/262504153887/clients/_:getWebAppConfig  
 Sat Jun 17 2017 22:46:17 GMT-0500 (CDT)
[debug] [2017-06-18T03:46:18.067Z] <<< HTTP RESPONSE 200
[info] i  hosting: Serving hosting files from: ./
[info] ✔  hosting: Local server: http://localhost:5000

